TN:
SF:src\utils\formatting.js
FN:1,timeAgo
FN:12,formatEta
FN:22,dasClass
FN:28,winWindowColor
FNF:4
FNH:4
FNDA:5,timeAgo
FNDA:5,formatEta
FNDA:3,dasClass
FNDA:6,winWindowColor
DA:2,5
DA:3,4
DA:4,4
DA:5,4
DA:6,3
DA:7,2
DA:8,2
DA:9,1
DA:13,5
DA:14,4
DA:15,4
DA:16,3
DA:17,3
DA:18,2
DA:19,1
DA:23,3
DA:24,2
DA:25,1
DA:29,6
DA:30,5
DA:31,4
DA:32,3
DA:33,2
DA:34,1
LF:24
LH:24
BRDA:2,0,0,1
BRDA:2,0,1,4
BRDA:5,1,0,1
BRDA:5,1,1,3
BRDA:6,2,0,1
BRDA:6,2,1,2
BRDA:8,3,0,1
BRDA:8,3,1,1
BRDA:13,4,0,1
BRDA:13,4,1,4
BRDA:15,5,0,1
BRDA:15,5,1,3
BRDA:17,6,0,1
BRDA:17,6,1,2
BRDA:18,7,0,1
BRDA:18,7,1,1
BRDA:23,8,0,1
BRDA:23,8,1,2
BRDA:24,9,0,1
BRDA:24,9,1,1
BRDA:29,10,0,1
BRDA:29,10,1,5
BRDA:30,11,0,1
BRDA:30,11,1,4
BRDA:31,12,0,1
BRDA:31,12,1,3
BRDA:32,13,0,1
BRDA:32,13,1,2
BRDA:33,14,0,1
BRDA:33,14,1,1
BRF:30
BRH:30
end_of_record
