TN:
SF:src\utils\devyNameMatcher.js
FN:8,normalizeName
FN:17,tokenizeComparableName
FN:24,normalizeComparableName
FN:28,areFirstNamesEquivalent
FN:36,editDistance
FN:63,areNameTokensSimilar
FN:75,scoreComparableNameMatch
FNF:7
FNH:7
FNDA:63,normalizeName
FNDA:25,tokenizeComparableName
FNDA:1,normalizeComparableName
FNDA:11,areFirstNamesEquivalent
FNDA:5,editDistance
FNDA:8,areNameTokensSimilar
FNDA:12,scoreComparableNameMatch
DA:1,2
DA:2,2
DA:3,2
DA:4,2
DA:5,2
DA:6,2
DA:7,2
DA:8,63
DA:9,63
DA:10,63
DA:11,63
DA:12,63
DA:13,63
DA:14,63
DA:15,63
DA:16,2
DA:17,25
DA:18,25
DA:19,25
DA:20,25
DA:21,25
DA:22,25
DA:23,2
DA:24,1
DA:25,1
DA:26,1
DA:27,2
DA:28,11
DA:29,11
DA:30,11
DA:31,11
DA:32,11
DA:33,11
DA:34,11
DA:35,2
DA:36,5
DA:37,5
DA:38,5
DA:39,5
DA:40,5
DA:41,5
DA:42,5
DA:43,5
DA:44,5
DA:45,5
DA:46,5
DA:47,5
DA:48,5
DA:49,5
DA:50,33
DA:51,226
DA:52,226
DA:53,226
DA:54,226
DA:55,226
DA:56,226
DA:57,226
DA:58,33
DA:59,5
DA:60,5
DA:61,5
DA:62,2
DA:63,8
DA:64,8
DA:65,8
DA:66,8
DA:67,8
DA:68,5
DA:69,5
DA:70,5
DA:71,8
DA:72,8
DA:73,8
DA:74,2
DA:75,12
DA:76,12
DA:77,12
DA:78,12
DA:79,11
DA:80,11
DA:81,11
DA:82,11
DA:83,11
DA:84,11
DA:85,12
DA:86,12
DA:87,7
DA:88,7
DA:89,12
DA:90,12
DA:91,7
DA:92,7
DA:93,12
DA:94,2
DA:95,2
DA:96,2
DA:97,2
DA:98,2
LF:98
LH:98
BRDA:1,0,0,2
BRDA:8,1,0,63
BRDA:9,2,0,0
BRDA:17,3,0,25
BRDA:21,4,0,57
BRDA:24,5,0,1
BRDA:28,6,0,11
BRDA:31,7,0,0
BRDA:32,8,0,4
BRDA:33,9,0,7
BRDA:33,10,0,4
BRDA:33,11,0,3
BRDA:33,12,0,0
BRDA:36,13,0,5
BRDA:37,14,0,0
BRDA:38,15,0,0
BRDA:42,16,0,0
BRDA:43,17,0,0
BRDA:46,18,0,38
BRDA:47,19,0,39
BRDA:49,20,0,33
BRDA:50,21,0,226
BRDA:51,22,0,37
BRDA:51,23,0,189
BRDA:45,24,0,38
BRDA:63,25,0,8
BRDA:66,26,0,0
BRDA:67,27,0,3
BRDA:68,28,0,7
BRDA:68,29,0,5
BRDA:71,30,0,4
BRDA:71,31,0,1
BRDA:75,32,0,12
BRDA:78,33,0,11
BRDA:78,34,0,1
BRDA:79,35,0,11
BRDA:85,36,0,3
BRDA:86,37,0,8
BRDA:86,38,0,1
BRDA:87,39,0,7
BRDA:89,40,0,3
BRDA:90,41,0,7
BRDA:90,42,0,3
BRDA:91,43,0,7
BRF:44
BRH:36
end_of_record
TN:
SF:src\utils\devyNoteParser.js
FN:3,normalizeName
FN:12,parseDevyCandidateFragment
FN:62,extractDevyCandidatesFromAlias
FNF:3
FNH:3
FNDA:11,normalizeName
FNDA:11,parseDevyCandidateFragment
FNDA:8,extractDevyCandidatesFromAlias
DA:1,1
DA:2,1
DA:3,11
DA:4,11
DA:5,11
DA:6,11
DA:7,11
DA:8,11
DA:9,11
DA:10,11
DA:11,1
DA:12,11
DA:13,11
DA:14,11
DA:15,11
DA:16,11
DA:17,11
DA:18,11
DA:19,11
DA:20,11
DA:21,11
DA:22,11
DA:23,11
DA:24,11
DA:25,11
DA:26,11
DA:27,11
DA:28,3
DA:29,3
DA:30,3
DA:31,3
DA:32,3
DA:33,3
DA:34,3
DA:35,3
DA:36,3
DA:37,3
DA:38,3
DA:39,3
DA:40,3
DA:41,8
DA:42,8
DA:43,11
DA:44,8
DA:45,8
DA:46,8
DA:47,8
DA:48,11
DA:49,7
DA:50,7
DA:51,3
DA:52,7
DA:53,3
DA:54,3
DA:55,7
DA:56,8
DA:57,8
DA:58,11
DA:59,8
DA:60,11
DA:61,1
DA:62,8
DA:63,8
DA:64,8
DA:65,7
DA:66,7
DA:67,8
DA:68,8
DA:69,8
DA:70,8
DA:71,8
DA:72,7
DA:73,7
DA:74,7
DA:75,7
DA:76,7
DA:77,7
DA:78,11
DA:79,11
DA:80,11
DA:81,11
DA:82,10
DA:83,10
DA:84,10
DA:85,7
DA:86,7
DA:87,7
DA:88,8
DA:89,1
DA:90,1
DA:91,1
DA:92,1
DA:93,1
LF:93
LH:93
BRDA:1,0,0,1
BRDA:3,1,0,11
BRDA:4,2,0,0
BRDA:12,3,0,11
BRDA:13,4,0,0
BRDA:17,5,0,0
BRDA:27,6,0,3
BRDA:31,7,0,0
BRDA:32,8,0,0
BRDA:41,9,0,8
BRDA:43,10,0,0
BRDA:44,11,0,8
BRDA:48,12,0,7
BRDA:50,13,0,4
BRDA:50,14,0,3
BRDA:52,15,0,4
BRDA:52,16,0,3
BRDA:56,17,0,8
BRDA:58,18,0,0
BRDA:59,19,0,8
BRDA:25,20,0,17
BRDA:28,21,0,6
BRDA:34,22,0,3
BRDA:47,23,0,17
BRDA:62,24,0,8
BRDA:63,25,0,0
BRDA:64,26,0,1
BRDA:65,27,0,7
BRDA:67,28,0,1
BRDA:67,29,0,6
BRDA:71,30,0,7
BRDA:77,31,0,11
BRDA:79,32,0,0
BRDA:81,33,0,1
BRDA:82,34,0,10
BRDA:66,35,0,1
BRDA:74,36,0,13
BRF:37
BRH:28
end_of_record
TN:
SF:src\utils\devyPoolDraftExclusion.js
FN:3,normalizeName
FN:12,firstLastTokens
FN:20,isReversedNameMatch
FN:27,shouldExcludeAvailableByDrafted
FNF:4
FNH:4
FNDA:25,normalizeName
FNDA:10,firstLastTokens
FNDA:5,isReversedNameMatch
FNDA:9,shouldExcludeAvailableByDrafted
DA:1,1
DA:2,1
DA:3,25
DA:4,25
DA:5,25
DA:6,25
DA:7,25
DA:8,25
DA:9,25
DA:10,25
DA:11,1
DA:12,10
DA:13,10
DA:14,10
DA:15,10
DA:16,10
DA:17,10
DA:18,10
DA:19,1
DA:20,5
DA:21,5
DA:22,5
DA:23,5
DA:24,5
DA:25,5
DA:26,1
DA:27,9
DA:28,9
DA:29,9
DA:30,9
DA:31,9
DA:32,9
DA:33,9
DA:34,9
DA:35,9
DA:36,9
DA:37,9
DA:38,8
DA:39,8
DA:40,9
DA:41,7
DA:42,9
DA:43,6
DA:44,9
DA:45,5
DA:46,5
DA:47,4
DA:48,5
DA:49,5
DA:50,3
DA:51,3
DA:52,9
DA:53,1
DA:54,1
DA:55,1
DA:56,1
DA:57,1
LF:57
LH:57
BRDA:1,0,0,1
BRDA:3,1,0,25
BRDA:4,2,0,0
BRDA:12,3,0,10
BRDA:16,4,0,0
BRDA:20,5,0,5
BRDA:23,6,0,0
BRDA:24,7,0,1
BRDA:27,8,0,9
BRDA:34,9,0,1
BRDA:35,10,0,1
BRDA:37,11,0,1
BRDA:37,12,0,1
BRDA:38,13,0,8
BRDA:40,14,0,1
BRDA:41,15,0,7
BRDA:42,16,0,1
BRDA:43,17,0,6
BRDA:44,18,0,5
BRDA:45,19,0,0
BRDA:46,20,0,1
BRDA:47,21,0,4
BRDA:48,22,0,2
BRDA:50,23,0,3
BRF:24
BRH:20
end_of_record
